<?xml version="1.0" encoding="UTF-8" ?>
<testsuites name="vitest tests" tests="1" failures="0" errors="0" time="0.008976264">
    <testsuite name="tests/admin/api/propose-collection-date.test.ts" timestamp="2025-10-20T21:42:14.978Z" hostname="pop-os" tests="1" failures="0" errors="0" skipped="0" time="0.008976264">
        <testcase classname="tests/admin/api/propose-collection-date.test.ts" name="admin propose-collection-date (integrated with orchestrator) &gt; upserts requested, syncs dates, links vehicles, and removes old requested orphans" time="0.007595606">
        </testcase>
    </testsuite>
</testsuites>
