<?xml version="1.0" encoding="UTF-8" ?>
<testsuites name="vitest tests" tests="4" failures="0" errors="0" time="0.065681287">
    <testsuite name="modules/partner/checklist/application/__tests__/phase3-real-infrastructure.test.ts" timestamp="2025-10-15T02:32:46.366Z" hostname="pop-os" tests="4" failures="0" errors="0" skipped="0" time="0.065681287">
        <testcase classname="modules/partner/checklist/application/__tests__/phase3-real-infrastructure.test.ts" name="Fase 3 - Infraestrutura Real &gt; Estrutura dos arquivos &gt; deve ter os arquivos de infraestrutura criados" time="0.062320001">
        </testcase>
        <testcase classname="modules/partner/checklist/application/__tests__/phase3-real-infrastructure.test.ts" name="Fase 3 - Infraestrutura Real &gt; Estrutura dos arquivos &gt; deve ter as classes de repositório exportadas" time="0.000554166">
        </testcase>
        <testcase classname="modules/partner/checklist/application/__tests__/phase3-real-infrastructure.test.ts" name="Fase 3 - Infraestrutura Real &gt; Estrutura dos arquivos &gt; deve ter as classes de serviço exportadas" time="0.000498274">
        </testcase>
        <testcase classname="modules/partner/checklist/application/__tests__/phase3-real-infrastructure.test.ts" name="Fase 3 - Infraestrutura Real &gt; Configuração da infraestrutura &gt; deve exportar a configuração completa" time="0.000317739">
        </testcase>
    </testsuite>
</testsuites>
